<?xml version="1.0" encoding="UTF-8"?>
<testng-results skipped="0" failed="0" total="1" passed="1">
  <reporter-output>
  </reporter-output>
  <suite name="Default suite" duration-ms="18816" started-at="2015-01-10T19:03:50Z" finished-at="2015-01-10T19:04:09Z">
    <groups>
    </groups>
    <test name="Default test" duration-ms="18816" started-at="2015-01-10T19:03:50Z" finished-at="2015-01-10T19:04:09Z">
      <class name="testCases.RegressionTest">
        <test-method status="PASS" signature="setup()[pri:0, instance:testCases.RegressionTest@4c331059]" name="setup" is-config="true" duration-ms="8790" started-at="2015-01-10T14:03:50Z" finished-at="2015-01-10T14:03:59Z">
          <reporter-output>
          </reporter-output>
        </test-method> <!-- setup -->
        <test-method status="PASS" signature="testProfilePage()[pri:0, instance:testCases.RegressionTest@4c331059]" name="testProfilePage" duration-ms="8757" started-at="2015-01-10T14:03:59Z" finished-at="2015-01-10T14:04:07Z">
          <reporter-output>
          </reporter-output>
        </test-method> <!-- testProfilePage -->
        <test-method status="PASS" signature="tearDown()[pri:0, instance:testCases.RegressionTest@4c331059]" name="tearDown" is-config="true" duration-ms="1260" started-at="2015-01-10T14:04:07Z" finished-at="2015-01-10T14:04:09Z">
          <reporter-output>
          </reporter-output>
        </test-method> <!-- tearDown -->
      </class> <!-- testCases.RegressionTest -->
    </test> <!-- Default test -->
  </suite> <!-- Default suite -->
</testng-results>
